[debug] [2023-06-12T12:23:46.160Z] ----------------------------------------------------------------------
[debug] [2023-06-12T12:23:46.163Z] Command:       /Users/lucaknaack/.nvm/versions/node/v18.16.0/bin/node /Users/lucaknaack/.nvm/versions/node/v18.16.0/bin/firebase init functions
[debug] [2023-06-12T12:23:46.164Z] CLI Version:   12.3.1
[debug] [2023-06-12T12:23:46.164Z] Platform:      darwin
[debug] [2023-06-12T12:23:46.164Z] Node Version:  v18.16.0
[debug] [2023-06-12T12:23:46.166Z] Time:          Mon Jun 12 2023 14:23:46 GMT+0200 (Central European Summer Time)
[debug] [2023-06-12T12:23:46.166Z] ----------------------------------------------------------------------
[debug] 
[debug] [2023-06-12T12:23:46.181Z] > command requires scopes: ["email","openid","https://www.googleapis.com/auth/cloudplatformprojects.readonly","https://www.googleapis.com/auth/firebase","https://www.googleapis.com/auth/cloud-platform"]
[debug] [2023-06-12T12:23:46.181Z] > authorizing via signed-in user (l.knaack93@gmail.com)
[info] 
     ######## #### ########  ######## ########     ###     ######  ########
     ##        ##  ##     ## ##       ##     ##  ##   ##  ##       ##
     ######    ##  ########  ######   ########  #########  ######  ######
     ##        ##  ##    ##  ##       ##     ## ##     ##       ## ##
     ##       #### ##     ## ######## ########  ##     ##  ######  ########

You're about to initialize a Firebase project in this directory:

  /Users/lucaknaack/Documents/dev/mapbox-demo

[info] 
=== Project Setup
[info] 
[info] First, let's associate this project directory with a Firebase project.
[info] You can create multiple project aliases by running firebase use --add, 
[info] but for now we'll just set up a default project.
[info] 
[debug] [2023-06-12T12:23:48.623Z] >>> [apiv2][query] GET https://firebase.googleapis.com/v1beta1/projects pageSize=100
[debug] [2023-06-12T12:23:51.074Z] <<< [apiv2][status] GET https://firebase.googleapis.com/v1beta1/projects 200
[debug] [2023-06-12T12:23:51.074Z] <<< [apiv2][body] GET https://firebase.googleapis.com/v1beta1/projects [omitted]
[info] i  Using project mapbox-demo-66d58 (mapbox-demo) 
[info] 
=== Functions Setup
[debug] [2023-06-12T12:23:58.001Z] > command requires scopes: ["email","openid","https://www.googleapis.com/auth/cloudplatformprojects.readonly","https://www.googleapis.com/auth/firebase","https://www.googleapis.com/auth/cloud-platform"]
[debug] [2023-06-12T12:23:58.003Z] > authorizing via signed-in user (l.knaack93@gmail.com)
[debug] [2023-06-12T12:23:58.003Z] [iam] checking project mapbox-demo-66d58 for permissions ["firebase.projects.get"]
[debug] [2023-06-12T12:23:58.005Z] >>> [apiv2][query] POST https://cloudresourcemanager.googleapis.com/v1/projects/mapbox-demo-66d58:testIamPermissions [none]
[debug] [2023-06-12T12:23:58.005Z] >>> [apiv2][(partial)header] POST https://cloudresourcemanager.googleapis.com/v1/projects/mapbox-demo-66d58:testIamPermissions x-goog-quota-user=projects/mapbox-demo-66d58
[debug] [2023-06-12T12:23:58.007Z] >>> [apiv2][body] POST https://cloudresourcemanager.googleapis.com/v1/projects/mapbox-demo-66d58:testIamPermissions {"permissions":["firebase.projects.get"]}
[debug] [2023-06-12T12:23:59.291Z] <<< [apiv2][status] POST https://cloudresourcemanager.googleapis.com/v1/projects/mapbox-demo-66d58:testIamPermissions 200
[debug] [2023-06-12T12:23:59.291Z] <<< [apiv2][body] POST https://cloudresourcemanager.googleapis.com/v1/projects/mapbox-demo-66d58:testIamPermissions {"permissions":["firebase.projects.get"]}
[debug] [2023-06-12T12:23:59.293Z] >>> [apiv2][query] GET https://serviceusage.googleapis.com/v1/projects/mapbox-demo-66d58/services/cloudfunctions.googleapis.com [none]
[debug] [2023-06-12T12:23:59.293Z] >>> [apiv2][(partial)header] GET https://serviceusage.googleapis.com/v1/projects/mapbox-demo-66d58/services/cloudfunctions.googleapis.com x-goog-quota-user=projects/mapbox-demo-66d58
[debug] [2023-06-12T12:23:59.296Z] >>> [apiv2][query] GET https://serviceusage.googleapis.com/v1/projects/mapbox-demo-66d58/services/runtimeconfig.googleapis.com [none]
[debug] [2023-06-12T12:23:59.296Z] >>> [apiv2][(partial)header] GET https://serviceusage.googleapis.com/v1/projects/mapbox-demo-66d58/services/runtimeconfig.googleapis.com x-goog-quota-user=projects/mapbox-demo-66d58
[debug] [2023-06-12T12:24:00.573Z] <<< [apiv2][status] GET https://serviceusage.googleapis.com/v1/projects/mapbox-demo-66d58/services/cloudfunctions.googleapis.com 200
[debug] [2023-06-12T12:24:00.573Z] <<< [apiv2][body] GET https://serviceusage.googleapis.com/v1/projects/mapbox-demo-66d58/services/cloudfunctions.googleapis.com [omitted]
[debug] [2023-06-12T12:24:00.573Z] >>> [apiv2][query] POST https://serviceusage.googleapis.com/v1/projects/mapbox-demo-66d58/services/cloudfunctions.googleapis.com:enable [none]
[debug] [2023-06-12T12:24:00.574Z] >>> [apiv2][(partial)header] POST https://serviceusage.googleapis.com/v1/projects/mapbox-demo-66d58/services/cloudfunctions.googleapis.com:enable x-goog-quota-user=projects/mapbox-demo-66d58
[debug] [2023-06-12T12:24:00.863Z] <<< [apiv2][status] GET https://serviceusage.googleapis.com/v1/projects/mapbox-demo-66d58/services/runtimeconfig.googleapis.com 200
[debug] [2023-06-12T12:24:00.863Z] <<< [apiv2][body] GET https://serviceusage.googleapis.com/v1/projects/mapbox-demo-66d58/services/runtimeconfig.googleapis.com [omitted]
[debug] [2023-06-12T12:24:04.041Z] <<< [apiv2][status] POST https://serviceusage.googleapis.com/v1/projects/mapbox-demo-66d58/services/cloudfunctions.googleapis.com:enable 200
[debug] [2023-06-12T12:24:04.041Z] <<< [apiv2][body] POST https://serviceusage.googleapis.com/v1/projects/mapbox-demo-66d58/services/cloudfunctions.googleapis.com:enable [omitted]
[debug] [2023-06-12T12:24:14.043Z] >>> [apiv2][query] GET https://serviceusage.googleapis.com/v1/projects/mapbox-demo-66d58/services/cloudfunctions.googleapis.com [none]
[debug] [2023-06-12T12:24:14.043Z] >>> [apiv2][(partial)header] GET https://serviceusage.googleapis.com/v1/projects/mapbox-demo-66d58/services/cloudfunctions.googleapis.com x-goog-quota-user=projects/mapbox-demo-66d58
[debug] [2023-06-12T12:24:18.999Z] <<< [apiv2][status] GET https://serviceusage.googleapis.com/v1/projects/mapbox-demo-66d58/services/cloudfunctions.googleapis.com 200
[debug] [2023-06-12T12:24:18.999Z] <<< [apiv2][body] GET https://serviceusage.googleapis.com/v1/projects/mapbox-demo-66d58/services/cloudfunctions.googleapis.com [omitted]
[info] Let's create a new codebase for your functions.
[info] A directory corresponding to the codebase will be created in your project
[info] with sample code pre-configured.

[info] See https://firebase.google.com/docs/functions/organize-functions for
[info] more information on organizing your functions using codebases.

[info] Functions can be deployed with firebase deploy.

[info] ✔  Wrote functions/package.json 
[info] ✔  Wrote functions/.eslintrc.js 
[info] ✔  Wrote functions/tsconfig.json 
[info] ✔  Wrote functions/tsconfig.dev.json 
[info] ✔  Wrote functions/src/index.ts 
[info] ✔  Wrote functions/.gitignore 
